<?xml version="1.0" encoding="UTF-8"?>
<testng-results skipped="0" failed="0" ignored="0" total="1" passed="1">
  <reporter-output>
    <line>
      <![CDATA[TestNG_ReportsAndLogs -> Registration]]>
    </line>
  </reporter-output>
  <suite name="Default suite" duration-ms="41609" started-at="2020-08-04T15:23:14 IST" finished-at="2020-08-04T15:23:55 IST">
    <groups>
    </groups>
    <test name="Default test" duration-ms="41609" started-at="2020-08-04T15:23:14 IST" finished-at="2020-08-04T15:23:55 IST">
      <class name="com.multibrowser.parabankbrowser2">
        <test-method status="PASS" signature="startReport()[pri:0, instance:com.multibrowser.parabankbrowser2@43bd930a]" name="startReport" is-config="true" duration-ms="393" started-at="2020-08-04T15:23:14 IST" finished-at="2020-08-04T15:23:14 IST">
          <reporter-output>
          </reporter-output>
        </test-method> <!-- startReport -->
        <test-method status="PASS" signature="beforeClass()[pri:0, instance:com.multibrowser.parabankbrowser2@43bd930a]" name="beforeClass" is-config="true" duration-ms="15518" started-at="2020-08-04T15:23:14 IST" finished-at="2020-08-04T15:23:29 IST">
          <reporter-output>
          </reporter-output>
        </test-method> <!-- beforeClass -->
        <test-method status="PASS" signature="registration()[pri:0, instance:com.multibrowser.parabankbrowser2@43bd930a]" name="registration" duration-ms="21109" started-at="2020-08-04T15:23:30 IST" finished-at="2020-08-04T15:23:51 IST">
          <reporter-output>
            <line>
              <![CDATA[TestNG_ReportsAndLogs -> Registration]]>
            </line>
          </reporter-output>
        </test-method> <!-- registration -->
        <test-method status="PASS" signature="getResult(org.testng.ITestResult)[pri:0, instance:com.multibrowser.parabankbrowser2@43bd930a]" name="getResult" is-config="true" duration-ms="21" started-at="2020-08-04T15:23:51 IST" finished-at="2020-08-04T15:23:51 IST">
          <params>
            <param index="0">
              <value>
                <![CDATA[[TestResult name=registration status=SUCCESS method=parabankbrowser2.registration()[pri:0, instance:com.multibrowser.parabankbrowser2@43bd930a] output=TestNG_ReportsAndLogs -> Registration]]]>
              </value>
            </param>
          </params>
          <reporter-output>
          </reporter-output>
        </test-method> <!-- getResult -->
        <test-method status="PASS" signature="afterClass()[pri:0, instance:com.multibrowser.parabankbrowser2@43bd930a]" name="afterClass" is-config="true" duration-ms="3045" started-at="2020-08-04T15:23:51 IST" finished-at="2020-08-04T15:23:54 IST">
          <reporter-output>
          </reporter-output>
        </test-method> <!-- afterClass -->
        <test-method status="PASS" signature="tearDown()[pri:0, instance:com.multibrowser.parabankbrowser2@43bd930a]" name="tearDown" is-config="true" duration-ms="1429" started-at="2020-08-04T15:23:54 IST" finished-at="2020-08-04T15:23:55 IST">
          <reporter-output>
          </reporter-output>
        </test-method> <!-- tearDown -->
      </class> <!-- com.multibrowser.parabankbrowser2 -->
    </test> <!-- Default test -->
  </suite> <!-- Default suite -->
</testng-results>
